<?xml version="1.0" encoding="UTF-8"?>
<!-- Generated by org.testng.reporters.JUnitReportReporter -->
<testsuite hostname="MacBook-Air-Yana.local" name="lesson6.Lesson6" tests="1" failures="0" timestamp="27 Jul 2015 17:53:36 GMT" time="0.016" errors="0">
  <testcase name="seleniumSearchTest" time="0.016" classname="lesson6.Lesson6"/>
</testsuite> <!-- lesson6.Lesson6 -->
